<?xml version="1.0" encoding="UTF-8"?>
<!-- Generated by org.testng.reporters.JUnitXMLReporter -->
<testsuite hostname="YuvinKabildev" ignored="0" name="BankingApp Test" tests="1" failures="1" timestamp="11 Sep 2021 07:02:04 GMT" time="10.877" errors="0">
  <testcase name="loginTest" time="2.859" classname="com.inetbanking.testCases.TC_Login_001">
    <failure type="java.lang.AssertionError" message="expected [true] but found [false]">
      <![CDATA[java.lang.AssertionError: expected [true] but found [false]
at com.inetbanking.testCases.TC_Login_001.loginTest(TC_Login_001.java:34)
... Removed 29 stack frames]]>
    </failure>
  </testcase> <!-- loginTest -->
</testsuite> <!-- BankingApp Test -->
